2023-04-02 23:43:05.625986 - Initialized conversion of CBT357
2023-04-02 23:43:08.671092 - Received CBT.V504.FILE357.PDS from FILE357.XMI 
2023-04-02 23:43:08.674194 - Found $$$#DATE.txt (text/plain) in CBT.V504.FILE357.PDS, moved to PDS/$$$#DATE
2023-04-02 23:43:08.675790 - Found $$$NOTE.txt (text/plain) in CBT.V504.FILE357.PDS, moved to PDS/$$$NOTE
2023-04-02 23:43:08.677083 - Found $$$NOTE1.txt (text/plain) in CBT.V504.FILE357.PDS, moved to PDS/$$$NOTE1
2023-04-02 23:43:08.678128 - Found @FILE357.txt (text/plain) in CBT.V504.FILE357.PDS, moved to PDS/@FILE357
2023-04-02 23:43:08.839239 - Found @LOADLIB.xmi (application/xmit) in CBT.V504.FILE357.PDS
2023-04-02 23:43:08.896518   - Received RECFM=U data, stored XMIT file as CBT357/@LOADLIB.xmi
2023-04-02 23:43:08.898100 - Found @MACDOC#.txt (text/plain) in CBT.V504.FILE357.PDS, moved to PDS/@MACDOC#
2023-04-02 23:43:08.899650 - Found @MACDOCO.txt (text/plain) in CBT.V504.FILE357.PDS, moved to PDS/@MACDOCO
2023-04-02 23:43:08.900983 - Found @PGMDOC#.txt (text/plain) in CBT.V504.FILE357.PDS, moved to PDS/@PGMDOC#
2023-04-02 23:43:08.902172 - Found @PGMDOCO.txt (text/plain) in CBT.V504.FILE357.PDS, moved to PDS/@PGMDOCO
2023-04-02 23:43:08.903276 - Found @XALLMEM.rexx (text/x-diff) in CBT.V504.FILE357.PDS, moved to PDS/@XALLMEM
2023-04-02 23:43:08.904295 - Found ABENDX.jcl (text/plain) in CBT.V504.FILE357.PDS, moved to PDS/ABENDX
2023-04-02 23:43:08.905357 - Found ABENDX$.jcl (text/plain) in CBT.V504.FILE357.PDS, moved to PDS/ABENDX$
2023-04-02 23:43:08.906396 - Found ADDCC.jcl (text/plain) in CBT.V504.FILE357.PDS, moved to PDS/ADDCC
2023-04-02 23:43:08.907571 - Found ADDCC$.jcl (text/plain) in CBT.V504.FILE357.PDS, moved to PDS/ADDCC$
2023-04-02 23:43:08.908601 - Found ADDCC@.jcl (text/plain) in CBT.V504.FILE357.PDS, moved to PDS/ADDCC@
2023-04-02 23:43:08.909532 - Found ADDCOLS.rexx (text/plain) in CBT.V504.FILE357.PDS, moved to PDS/ADDCOLS
2023-04-02 23:43:08.910425 - Found ADDFLAG.rexx (text/plain) in CBT.V504.FILE357.PDS, moved to PDS/ADDFLAG
2023-04-02 23:43:08.911455 - Found ADDLINEA.rexx (text/plain) in CBT.V504.FILE357.PDS, moved to PDS/ADDLINEA
2023-04-02 23:43:08.912413 - Found ADDLINEB.rexx (text/plain) in CBT.V504.FILE357.PDS, moved to PDS/ADDLINEB
2023-04-02 23:43:08.913417 - Found ADDLINES.rexx (text/plain) in CBT.V504.FILE357.PDS, moved to PDS/ADDLINES
2023-04-02 23:43:08.914310 - Found ALIGN.rexx (text/plain) in CBT.V504.FILE357.PDS, moved to PDS/ALIGN
2023-04-02 23:43:08.915225 - Found ALIGNALL.rexx (text/plain) in CBT.V504.FILE357.PDS, moved to PDS/ALIGNALL
2023-04-02 23:43:08.916314 - Found ALIGNAX.rexx (text/plain) in CBT.V504.FILE357.PDS, moved to PDS/ALIGNAX
2023-04-02 23:43:08.917293 - Found ALIGNS.rexx (text/plain) in CBT.V504.FILE357.PDS, moved to PDS/ALIGNS
2023-04-02 23:43:08.918243 - Found ALLMEM.rexx (text/plain) in CBT.V504.FILE357.PDS, moved to PDS/ALLMEM
2023-04-02 23:43:08.919146 - Found ALLMEMC.rexx (text/x-diff) in CBT.V504.FILE357.PDS, moved to PDS/ALLMEMC
2023-04-02 23:43:08.920068 - Found ALLMEMF.rexx (text/x-diff) in CBT.V504.FILE357.PDS, moved to PDS/ALLMEMF
2023-04-02 23:43:08.921095 - Found ALLOC.txt (text/plain) in CBT.V504.FILE357.PDS, moved to PDS/ALLOC
2023-04-02 23:43:08.922064 - Found ALLOCGDX.rexx (text/plain) in CBT.V504.FILE357.PDS, moved to PDS/ALLOCGDX
2023-04-02 23:43:08.923116 - Found ALPHACNT.jcl (text/plain) in CBT.V504.FILE357.PDS, moved to PDS/ALPHACNT
2023-04-02 23:43:08.924301 - Found ASAXWC.txt (text/plain) in CBT.V504.FILE357.PDS, moved to PDS/ASAXWC
2023-04-02 23:43:08.925275 - Found ASAXWC$.jcl (text/plain) in CBT.V504.FILE357.PDS, moved to PDS/ASAXWC$
2023-04-02 23:43:08.926210 - Found BASEASM.jcl (text/plain) in CBT.V504.FILE357.PDS, moved to PDS/BASEASM
2023-04-02 23:43:08.927103 - Found BASECOB.jcl (text/plain) in CBT.V504.FILE357.PDS, moved to PDS/BASECOB
2023-04-02 23:43:08.928242 - Found BASEEZ.jcl (text/plain) in CBT.V504.FILE357.PDS, moved to PDS/BASEEZ
2023-04-02 23:43:08.929302 - Found BASEPLI.jcl (text/plain) in CBT.V504.FILE357.PDS, moved to PDS/BASEPLI
2023-04-02 23:43:08.930288 - Found BC.rexx (text/plain) in CBT.V504.FILE357.PDS, moved to PDS/BC
2023-04-02 23:43:08.931458 - Found BLDLR.jcl (text/plain) in CBT.V504.FILE357.PDS, moved to PDS/BLDLR
2023-04-02 23:43:08.932627 - Found BNCHMKA.jcl (text/plain) in CBT.V504.FILE357.PDS, moved to PDS/BNCHMKA
2023-04-02 23:43:08.933727 - Found BNCHMKC.jcl (text/plain) in CBT.V504.FILE357.PDS, moved to PDS/BNCHMKC
2023-04-02 23:43:08.934633 - Found BNCHMKP.jcl (text/plain) in CBT.V504.FILE357.PDS, moved to PDS/BNCHMKP
2023-04-02 23:43:08.935791 - Found BS.rexx (text/plain) in CBT.V504.FILE357.PDS, moved to PDS/BS
2023-04-02 23:43:08.936785 - Found CC.rexx (text/plain) in CBT.V504.FILE357.PDS, moved to PDS/CC
2023-04-02 23:43:08.937891 - Found CENTER.rexx (text/plain) in CBT.V504.FILE357.PDS, moved to PDS/CENTER
2023-04-02 23:43:08.939094 - Found CHDEL.rexx (text/plain) in CBT.V504.FILE357.PDS, moved to PDS/CHDEL
2023-04-02 23:43:08.940646 - Found CLONE.rexx (text/plain) in CBT.V504.FILE357.PDS, moved to PDS/CLONE
2023-04-02 23:43:08.941796 - Found CLONER.rexx (text/plain) in CBT.V504.FILE357.PDS, moved to PDS/CLONER
2023-04-02 23:43:08.942776 - Found CLRSCRN.jcl (text/plain) in CBT.V504.FILE357.PDS, moved to PDS/CLRSCRN
2023-04-02 23:43:08.943865 - Found CLS.rexx (text/plain) in CBT.V504.FILE357.PDS, moved to PDS/CLS
2023-04-02 23:43:08.944977 - Found CLS2REXX.rexx (text/plain) in CBT.V504.FILE357.PDS, moved to PDS/CLS2REXX
2023-04-02 23:43:08.945998 - Found COBBITS.jcl (text/plain) in CBT.V504.FILE357.PDS, moved to PDS/COBBITS
2023-04-02 23:43:08.947033 - Found COBCOLOF.rexx (text/plain) in CBT.V504.FILE357.PDS, moved to PDS/COBCOLOF
2023-04-02 23:43:08.948075 - Found COBCOLOI.rexx (text/plain) in CBT.V504.FILE357.PDS, moved to PDS/COBCOLOI
2023-04-02 23:43:08.949033 - Found COBCOLSF.rexx (text/plain) in CBT.V504.FILE357.PDS, moved to PDS/COBCOLSF
2023-04-02 23:43:08.950251 - Found COBCOLSI.rexx (text/plain) in CBT.V504.FILE357.PDS, moved to PDS/COBCOLSI
2023-04-02 23:43:08.951458 - Found COBCOLVF.rexx (text/plain) in CBT.V504.FILE357.PDS, moved to PDS/COBCOLVF
2023-04-02 23:43:08.952602 - Found COBCOLVI.rexx (text/plain) in CBT.V504.FILE357.PDS, moved to PDS/COBCOLVI
2023-04-02 23:43:08.953720 - Found COBCPUTM.jcl (text/plain) in CBT.V504.FILE357.PDS, moved to PDS/COBCPUTM
2023-04-02 23:43:08.954717 - Found COBHEXR.jcl (text/plain) in CBT.V504.FILE357.PDS, moved to PDS/COBHEXR
2023-04-02 23:43:08.955781 - Found COBLKLST.jcl (text/plain) in CBT.V504.FILE357.PDS, moved to PDS/COBLKLST
2023-04-02 23:43:08.956715 - Found COL.rexx (text/plain) in CBT.V504.FILE357.PDS, moved to PDS/COL
2023-04-02 23:43:08.957616 - Found COLS.rexx (text/plain) in CBT.V504.FILE357.PDS, moved to PDS/COLS
2023-04-02 23:43:08.958659 - Found COLSCC.rexx (text/plain) in CBT.V504.FILE357.PDS, moved to PDS/COLSCC
2023-04-02 23:43:08.959737 - Found COMPRS.rexx (text/plain) in CBT.V504.FILE357.PDS, moved to PDS/COMPRS
2023-04-02 23:43:08.960804 - Found CONBLANK.rexx (text/plain) in CBT.V504.FILE357.PDS, moved to PDS/CONBLANK
2023-04-02 23:43:08.961808 - Found CONCATDD.rexx (text/plain) in CBT.V504.FILE357.PDS, moved to PDS/CONCATDD
2023-04-02 23:43:08.962835 - Found COPYCOLS.rexx (text/plain) in CBT.V504.FILE357.PDS, moved to PDS/COPYCOLS
2023-04-02 23:43:08.963896 - Found COPYINS.rexx (text/plain) in CBT.V504.FILE357.PDS, moved to PDS/COPYINS
2023-04-02 23:43:08.964911 - Found COUNTX.rexx (text/x-diff) in CBT.V504.FILE357.PDS, moved to PDS/COUNTX
2023-04-02 23:43:08.965953 - Found COUNTXNX.rexx (text/plain) in CBT.V504.FILE357.PDS, moved to PDS/COUNTXNX
2023-04-02 23:43:08.967047 - Found CU.rexx (text/plain) in CBT.V504.FILE357.PDS, moved to PDS/CU
2023-04-02 23:43:08.968194 - Found CUD.rexx (text/plain) in CBT.V504.FILE357.PDS, moved to PDS/CUD
2023-04-02 23:43:08.969296 - Found CUTX.rexx (text/plain) in CBT.V504.FILE357.PDS, moved to PDS/CUTX
2023-04-02 23:43:08.970334 - Found CVB.rexx (text/plain) in CBT.V504.FILE357.PDS, moved to PDS/CVB
2023-04-02 23:43:08.971433 - Found CVD.rexx (text/plain) in CBT.V504.FILE357.PDS, moved to PDS/CVD
2023-04-02 23:43:08.972519 - Found C2H.rexx (text/plain) in CBT.V504.FILE357.PDS, moved to PDS/C2H
2023-04-02 23:43:08.973593 - Found DELBLANK.rexx (text/plain) in CBT.V504.FILE357.PDS, moved to PDS/DELBLANK
2023-04-02 23:43:08.974637 - Found DELCOLS.rexx (text/plain) in CBT.V504.FILE357.PDS, moved to PDS/DELCOLS
2023-04-02 23:43:08.975920 - Found DELDUPS.rexx (text/plain) in CBT.V504.FILE357.PDS, moved to PDS/DELDUPS
2023-04-02 23:43:08.977032 - Found DELDUPX.rexx (text/plain) in CBT.V504.FILE357.PDS, moved to PDS/DELDUPX
2023-04-02 23:43:08.978093 - Found DELPARA.rexx (text/plain) in CBT.V504.FILE357.PDS, moved to PDS/DELPARA
2023-04-02 23:43:08.979358 - Found DESC.rexx (text/plain) in CBT.V504.FILE357.PDS, moved to PDS/DESC
2023-04-02 23:43:08.980459 - Found DETAB.jcl (text/plain) in CBT.V504.FILE357.PDS, moved to PDS/DETAB
2023-04-02 23:43:08.981504 - Found DETAB$.jcl (text/plain) in CBT.V504.FILE357.PDS, moved to PDS/DETAB$
2023-04-02 23:43:08.982637 - Found DIRLIST.jcl (text/plain) in CBT.V504.FILE357.PDS, moved to PDS/DIRLIST
2023-04-02 23:43:08.983827 - Found DIRLIST$.jcl (text/plain) in CBT.V504.FILE357.PDS, moved to PDS/DIRLIST$
2023-04-02 23:43:08.984949 - Found DIRSCNC.jcl (text/plain) in CBT.V504.FILE357.PDS, moved to PDS/DIRSCNC
2023-04-02 23:43:08.986005 - Found DIRSCNC$.jcl (text/plain) in CBT.V504.FILE357.PDS, moved to PDS/DIRSCNC$
2023-04-02 23:43:08.987106 - Found DIRSCNQ.jcl (text/plain) in CBT.V504.FILE357.PDS, moved to PDS/DIRSCNQ
2023-04-02 23:43:08.988183 - Found DIRSCNQ$.jcl (text/plain) in CBT.V504.FILE357.PDS, moved to PDS/DIRSCNQ$
2023-04-02 23:43:08.989204 - Found DISPARA.rexx (text/plain) in CBT.V504.FILE357.PDS, moved to PDS/DISPARA
2023-04-02 23:43:08.990200 - Found DISPDSN.rexx (text/plain) in CBT.V504.FILE357.PDS, moved to PDS/DISPDSN
2023-04-02 23:43:08.991230 - Found DISPVAR.rexx (text/plain) in CBT.V504.FILE357.PDS, moved to PDS/DISPVAR
2023-04-02 23:43:08.992217 - Found DSLIST.rexx (text/plain) in CBT.V504.FILE357.PDS, moved to PDS/DSLIST
2023-04-02 23:43:08.993147 - Found DYNA.jcl (text/plain) in CBT.V504.FILE357.PDS, moved to PDS/DYNA
2023-04-02 23:43:08.994156 - Found DYNAMC.jcl (text/plain) in CBT.V504.FILE357.PDS, moved to PDS/DYNAMC
2023-04-02 23:43:08.995328 - Found DYNAMP.jcl (text/plain) in CBT.V504.FILE357.PDS, moved to PDS/DYNAMP
2023-04-02 23:43:08.996370 - Found DYNCOB.jcl (text/plain) in CBT.V504.FILE357.PDS, moved to PDS/DYNCOB
2023-04-02 23:43:08.997420 - Found DYNF.jcl (text/plain) in CBT.V504.FILE357.PDS, moved to PDS/DYNF
2023-04-02 23:43:08.998499 - Found DYNI.jcl (text/plain) in CBT.V504.FILE357.PDS, moved to PDS/DYNI
2023-04-02 23:43:08.999582 - Found DYNN.jcl (text/plain) in CBT.V504.FILE357.PDS, moved to PDS/DYNN
2023-04-02 23:43:09.000695 - Found DYNPLIA.jcl (text/plain) in CBT.V504.FILE357.PDS, moved to PDS/DYNPLIA
2023-04-02 23:43:09.001671 - Found DYNPLII.jcl (text/plain) in CBT.V504.FILE357.PDS, moved to PDS/DYNPLII
2023-04-02 23:43:09.002613 - Found DYNPLIN.jcl (text/plain) in CBT.V504.FILE357.PDS, moved to PDS/DYNPLIN
2023-04-02 23:43:09.003660 - Found DYNPLIS.jcl (text/plain) in CBT.V504.FILE357.PDS, moved to PDS/DYNPLIS
2023-04-02 23:43:09.004774 - Found DYNS.jcl (text/plain) in CBT.V504.FILE357.PDS, moved to PDS/DYNS
2023-04-02 23:43:09.005892 - Found EMPTY.rexx (text/plain) in CBT.V504.FILE357.PDS, moved to PDS/EMPTY
2023-04-02 23:43:09.007003 - Found EMPTYCK$.txt (text/plain) in CBT.V504.FILE357.PDS, moved to PDS/EMPTYCK$
2023-04-02 23:43:09.008009 - Found ENC.rexx (text/plain) in CBT.V504.FILE357.PDS, moved to PDS/ENC
2023-04-02 23:43:09.009018 - Found ENC2.rexx (text/plain) in CBT.V504.FILE357.PDS, moved to PDS/ENC2
2023-04-02 23:43:09.010104 - Found EZCKGRDT.jcl (text/plain) in CBT.V504.FILE357.PDS, moved to PDS/EZCKGRDT
2023-04-02 23:43:09.011183 - Found EZCKJUDT.jcl (text/plain) in CBT.V504.FILE357.PDS, moved to PDS/EZCKJUDT
2023-04-02 23:43:09.012352 - Found EZCL.jcl (text/plain) in CBT.V504.FILE357.PDS, moved to PDS/EZCL
2023-04-02 23:43:09.013434 - Found EZCOPY.jcl (text/plain) in CBT.V504.FILE357.PDS, moved to PDS/EZCOPY
2023-04-02 23:43:09.014472 - Found EZCOUNT.jcl (text/plain) in CBT.V504.FILE357.PDS, moved to PDS/EZCOUNT
2023-04-02 23:43:09.014491 - Found EZGENRPT.bin containing application/octet-stream, moved to PDS/EZGENRPT
2023-04-02 23:43:09.016625 - Found EZPARM.jcl (text/plain) in CBT.V504.FILE357.PDS, moved to PDS/EZPARM
2023-04-02 23:43:09.017668 - Found EZSTRSK.jcl (text/plain) in CBT.V504.FILE357.PDS, moved to PDS/EZSTRSK
2023-04-02 23:43:09.018810 - Found EZUNPK.jcl (text/plain) in CBT.V504.FILE357.PDS, moved to PDS/EZUNPK
2023-04-02 23:43:09.019899 - Found FALT.rexx (text/plain) in CBT.V504.FILE357.PDS, moved to PDS/FALT
2023-04-02 23:43:09.020925 - Found FAND.txt (text/plain) in CBT.V504.FILE357.PDS, moved to PDS/FAND
2023-04-02 23:43:09.022007 - Found FEXC.rexx (text/plain) in CBT.V504.FILE357.PDS, moved to PDS/FEXC
2023-04-02 23:43:09.023269 - Found FGE.rexx (text/plain) in CBT.V504.FILE357.PDS, moved to PDS/FGE
2023-04-02 23:43:09.024381 - Found FGT.rexx (text/plain) in CBT.V504.FILE357.PDS, moved to PDS/FGT
2023-04-02 23:43:09.025460 - Found FILLCOLS.rexx (text/plain) in CBT.V504.FILE357.PDS, moved to PDS/FILLCOLS
2023-04-02 23:43:09.026475 - Found FILLINS.rexx (text/plain) in CBT.V504.FILE357.PDS, moved to PDS/FILLINS
2023-04-02 23:43:09.027546 - Found FINDDUPS.rexx (text/plain) in CBT.V504.FILE357.PDS, moved to PDS/FINDDUPS
2023-04-02 23:43:09.028589 - Found FINDDUPX.rexx (text/plain) in CBT.V504.FILE357.PDS, moved to PDS/FINDDUPX
2023-04-02 23:43:09.029533 - Found FINDNSTR.rexx (text/plain) in CBT.V504.FILE357.PDS, moved to PDS/FINDNSTR
2023-04-02 23:43:09.030419 - Found FINDSTRX.rexx (text/plain) in CBT.V504.FILE357.PDS, moved to PDS/FINDSTRX
2023-04-02 23:43:09.031366 - Found FLAGREVS.rexx (text/plain) in CBT.V504.FILE357.PDS, moved to PDS/FLAGREVS
2023-04-02 23:43:09.032516 - Found FLE.rexx (text/plain) in CBT.V504.FILE357.PDS, moved to PDS/FLE
2023-04-02 23:43:09.033621 - Found FLT.rexx (text/plain) in CBT.V504.FILE357.PDS, moved to PDS/FLT
2023-04-02 23:43:09.034587 - Found FMAX.rexx (text/plain) in CBT.V504.FILE357.PDS, moved to PDS/FMAX
2023-04-02 23:43:09.035731 - Found FMDOUBLE.jcl (text/plain) in CBT.V504.FILE357.PDS, moved to PDS/FMDOUBLE
2023-04-02 23:43:09.036882 - Found FMIN.rexx (text/plain) in CBT.V504.FILE357.PDS, moved to PDS/FMIN
2023-04-02 23:43:09.037842 - Found FN.rexx (text/plain) in CBT.V504.FILE357.PDS, moved to PDS/FN
2023-04-02 23:43:09.038884 - Found FNB.rexx (text/plain) in CBT.V504.FILE357.PDS, moved to PDS/FNB
2023-04-02 23:43:09.039872 - Found FNOT.txt (text/plain) in CBT.V504.FILE357.PDS, moved to PDS/FNOT
2023-04-02 23:43:09.040908 - Found FOG.rexx (text/plain) in CBT.V504.FILE357.PDS, moved to PDS/FOG
2023-04-02 23:43:09.041821 - Found FOR.txt (text/plain) in CBT.V504.FILE357.PDS, moved to PDS/FOR
2023-04-02 23:43:09.042785 - Found FOREVER.jcl (text/plain) in CBT.V504.FILE357.PDS, moved to PDS/FOREVER
2023-04-02 23:43:09.043912 - Found FOREVERX.txt (text/plain) in CBT.V504.FILE357.PDS, moved to PDS/FOREVERX
2023-04-02 23:43:09.045014 - Found FORMCOLS.rexx (text/plain) in CBT.V504.FILE357.PDS, moved to PDS/FORMCOLS
2023-04-02 23:43:09.045949 - Found FPEND.rexx (text/plain) in CBT.V504.FILE357.PDS, moved to PDS/FPEND
2023-04-02 23:43:09.046908 - Found FREE.txt (text/plain) in CBT.V504.FILE357.PDS, moved to PDS/FREE
2023-04-02 23:43:09.047965 - Found FS.rexx (text/plain) in CBT.V504.FILE357.PDS, moved to PDS/FS
2023-04-02 23:43:09.049040 - Found FX.rexx (text/plain) in CBT.V504.FILE357.PDS, moved to PDS/FX
2023-04-02 23:43:09.049937 - Found GATHERX.rexx (text/plain) in CBT.V504.FILE357.PDS, moved to PDS/GATHERX
2023-04-02 23:43:09.050880 - Found GETDSN.jcl (text/plain) in CBT.V504.FILE357.PDS, moved to PDS/GETDSN
2023-04-02 23:43:09.051968 - Found GETDSNS.rexx (text/plain) in CBT.V504.FILE357.PDS, moved to PDS/GETDSNS
2023-04-02 23:43:09.053048 - Found GETGDGS.rexx (text/plain) in CBT.V504.FILE357.PDS, moved to PDS/GETGDGS
2023-04-02 23:43:09.054029 - Found GETMEMS.rexx (text/plain) in CBT.V504.FILE357.PDS, moved to PDS/GETMEMS
2023-04-02 23:43:09.055006 - Found GETRGNSZ.rexx (text/plain) in CBT.V504.FILE357.PDS, moved to PDS/GETRGNSZ
2023-04-02 23:43:09.056051 - Found GMT.rexx (text/plain) in CBT.V504.FILE357.PDS, moved to PDS/GMT
2023-04-02 23:43:09.057052 - Found HEXDUMP.jcl (text/plain) in CBT.V504.FILE357.PDS, moved to PDS/HEXDUMP
2023-04-02 23:43:09.058077 - Found HEXDUMP$.jcl (text/plain) in CBT.V504.FILE357.PDS, moved to PDS/HEXDUMP$
2023-04-02 23:43:09.059034 - Found HEXUDUM$.jcl (text/plain) in CBT.V504.FILE357.PDS, moved to PDS/HEXUDUM$
2023-04-02 23:43:09.060347 - Found HEXUDUMP.jcl (text/plain) in CBT.V504.FILE357.PDS, moved to PDS/HEXUDUMP
2023-04-02 23:43:09.061391 - Found HEXUIDC$.jcl (text/plain) in CBT.V504.FILE357.PDS, moved to PDS/HEXUIDC$
2023-04-02 23:43:09.062361 - Found HOWLONG.rexx (text/plain) in CBT.V504.FILE357.PDS, moved to PDS/HOWLONG
2023-04-02 23:43:09.063420 - Found HSMDOC.txt (text/plain) in CBT.V504.FILE357.PDS, moved to PDS/HSMDOC
2023-04-02 23:43:09.064654 - Found H2C.rexx (text/plain) in CBT.V504.FILE357.PDS, moved to PDS/H2C
2023-04-02 23:43:09.065712 - Found IE.rexx (text/plain) in CBT.V504.FILE357.PDS, moved to PDS/IE
2023-04-02 23:43:09.066883 - Found IEZBITS.txt (text/plain) in CBT.V504.FILE357.PDS, moved to PDS/IEZBITS
2023-04-02 23:43:09.068122 - Found II.rexx (text/plain) in CBT.V504.FILE357.PDS, moved to PDS/II
2023-04-02 23:43:09.069132 - Found IP.rexx (text/plain) in CBT.V504.FILE357.PDS, moved to PDS/IP
2023-04-02 23:43:09.070082 - Found IPADDR.rexx (text/plain) in CBT.V504.FILE357.PDS, moved to PDS/IPADDR
2023-04-02 23:43:09.071030 - Found IS.rexx (text/plain) in CBT.V504.FILE357.PDS, moved to PDS/IS
2023-04-02 23:43:09.072379 - Found ISA.rexx (text/plain) in CBT.V504.FILE357.PDS, moved to PDS/ISA
2023-04-02 23:43:09.073458 - Found ISORT.rexx (text/plain) in CBT.V504.FILE357.PDS, moved to PDS/ISORT
2023-04-02 23:43:09.074572 - Found IST.rexx (text/plain) in CBT.V504.FILE357.PDS, moved to PDS/IST
2023-04-02 23:43:09.075784 - Found JB.rexx (text/plain) in CBT.V504.FILE357.PDS, moved to PDS/JB
2023-04-02 23:43:09.076819 - Found JC.rexx (text/plain) in CBT.V504.FILE357.PDS, moved to PDS/JC
2023-04-02 23:43:09.077745 - Found JOBINFO.jcl (text/plain) in CBT.V504.FILE357.PDS, moved to PDS/JOBINFO
2023-04-02 23:43:09.078771 - Found JOINCOLS.rexx (text/plain) in CBT.V504.FILE357.PDS, moved to PDS/JOINCOLS
2023-04-02 23:43:09.080314 - Found JT.rexx (text/plain) in CBT.V504.FILE357.PDS, moved to PDS/JT
2023-04-02 23:43:09.081432 - Found KEEPCOLS.rexx (text/plain) in CBT.V504.FILE357.PDS, moved to PDS/KEEPCOLS
2023-04-02 23:43:09.082630 - Found LASTREF.rexx (text/plain) in CBT.V504.FILE357.PDS, moved to PDS/LASTREF
2023-04-02 23:43:09.083825 - Found LESS.rexx (text/plain) in CBT.V504.FILE357.PDS, moved to PDS/LESS
2023-04-02 23:43:09.084925 - Found LJUST.rexx (text/plain) in CBT.V504.FILE357.PDS, moved to PDS/LJUST
2023-04-02 23:43:09.085884 - Found LKDT.rexx (text/plain) in CBT.V504.FILE357.PDS, moved to PDS/LKDT
2023-04-02 23:43:09.086872 - Found LMODWU.jcl (text/plain) in CBT.V504.FILE357.PDS, moved to PDS/LMODWU
2023-04-02 23:43:09.088118 - Found LMODWU$.jcl (text/plain) in CBT.V504.FILE357.PDS, moved to PDS/LMODWU$
2023-04-02 23:43:09.088130 - Found LMODXRF.bin containing application/octet-stream, moved to PDS/LMODXRF
2023-04-02 23:43:09.090634 - Found LMODXRF$.jcl (text/plain) in CBT.V504.FILE357.PDS, moved to PDS/LMODXRF$
2023-04-02 23:43:09.091656 - Found LONGEST.rexx (text/plain) in CBT.V504.FILE357.PDS, moved to PDS/LONGEST
2023-04-02 23:43:09.092851 - Found MACSDYNA.txt (text/plain) in CBT.V504.FILE357.PDS, moved to PDS/MACSDYNA
2023-04-02 23:43:09.094012 - Found MORE.rexx (text/plain) in CBT.V504.FILE357.PDS, moved to PDS/MORE
2023-04-02 23:43:09.095232 - Found MOVECOLD.rexx (text/plain) in CBT.V504.FILE357.PDS, moved to PDS/MOVECOLD
2023-04-02 23:43:09.096403 - Found MOVECOLS.rexx (text/plain) in CBT.V504.FILE357.PDS, moved to PDS/MOVECOLS
2023-04-02 23:43:09.097604 - Found MOVEINS.rexx (text/plain) in CBT.V504.FILE357.PDS, moved to PDS/MOVEINS
2023-04-02 23:43:09.098798 - Found MOVEINSD.rexx (text/plain) in CBT.V504.FILE357.PDS, moved to PDS/MOVEINSD
2023-04-02 23:43:09.100139 - Found NEATJCL.rexx (text/plain) in CBT.V504.FILE357.PDS, moved to PDS/NEATJCL
2023-04-02 23:43:09.101405 - Found NEW.rexx (text/plain) in CBT.V504.FILE357.PDS, moved to PDS/NEW
2023-04-02 23:43:09.102472 - Found NEWP.rexx (text/plain) in CBT.V504.FILE357.PDS, moved to PDS/NEWP
2023-04-02 23:43:09.103731 - Found NUMCOLS.rexx (text/plain) in CBT.V504.FILE357.PDS, moved to PDS/NUMCOLS
2023-04-02 23:43:09.104726 - Found NUMCOLS0.rexx (text/plain) in CBT.V504.FILE357.PDS, moved to PDS/NUMCOLS0
2023-04-02 23:43:09.105962 - Found OPCODE.rexx (text/plain) in CBT.V504.FILE357.PDS, moved to PDS/OPCODE
2023-04-02 23:43:09.107065 - Found PA.rexx (text/plain) in CBT.V504.FILE357.PDS, moved to PDS/PA
2023-04-02 23:43:09.108234 - Found PACKDS.rexx (text/plain) in CBT.V504.FILE357.PDS, moved to PDS/PACKDS
2023-04-02 23:43:09.109362 - Found PAGES.jcl (text/plain) in CBT.V504.FILE357.PDS, moved to PDS/PAGES
2023-04-02 23:43:09.110363 - Found PAGES$.jcl (text/plain) in CBT.V504.FILE357.PDS, moved to PDS/PAGES$
2023-04-02 23:43:09.111609 - Found PASTEAFT.rexx (text/plain) in CBT.V504.FILE357.PDS, moved to PDS/PASTEAFT
2023-04-02 23:43:09.112733 - Found PASTEX.rexx (text/plain) in CBT.V504.FILE357.PDS, moved to PDS/PASTEX
2023-04-02 23:43:09.113827 - Found PASTY.rexx (text/plain) in CBT.V504.FILE357.PDS, moved to PDS/PASTY
2023-04-02 23:43:09.114983 - Found PDSDEGAS.jcl (text/plain) in CBT.V504.FILE357.PDS, moved to PDS/PDSDEGAS
2023-04-02 23:43:09.116129 - Found PDSGAS.jcl (text/plain) in CBT.V504.FILE357.PDS, moved to PDS/PDSGAS
2023-04-02 23:43:09.117124 - Found PDSGAS$.jcl (text/plain) in CBT.V504.FILE357.PDS, moved to PDS/PDSGAS$
2023-04-02 23:43:09.118149 - Found PDSGEN.jcl (text/plain) in CBT.V504.FILE357.PDS, moved to PDS/PDSGEN
2023-04-02 23:43:09.119233 - Found PDSGEN$.jcl (text/plain) in CBT.V504.FILE357.PDS, moved to PDS/PDSGEN$
2023-04-02 23:43:09.120340 - Found PDSLIST.jcl (text/plain) in CBT.V504.FILE357.PDS, moved to PDS/PDSLIST
2023-04-02 23:43:09.121427 - Found PDSLIST$.jcl (text/plain) in CBT.V504.FILE357.PDS, moved to PDS/PDSLIST$
2023-04-02 23:43:09.122516 - Found PDSMATC.jcl (text/plain) in CBT.V504.FILE357.PDS, moved to PDS/PDSMATC
2023-04-02 23:43:09.123660 - Found PDSMATC$.jcl (text/plain) in CBT.V504.FILE357.PDS, moved to PDS/PDSMATC$
2023-04-02 23:43:09.124803 - Found PDSMATC#.jcl (text/plain) in CBT.V504.FILE357.PDS, moved to PDS/PDSMATC#
2023-04-02 23:43:09.125786 - Found PDSMATC@.jcl (text/plain) in CBT.V504.FILE357.PDS, moved to PDS/PDSMATC@
2023-04-02 23:43:09.126923 - Found PDSMATCH.txt (text/plain) in CBT.V504.FILE357.PDS, moved to PDS/PDSMATCH
2023-04-02 23:43:09.128145 - Found PDSMATCO.jcl (text/plain) in CBT.V504.FILE357.PDS, moved to PDS/PDSMATCO
2023-04-02 23:43:09.129264 - Found PDSMATCP.txt (text/plain) in CBT.V504.FILE357.PDS, moved to PDS/PDSMATCP
2023-04-02 23:43:09.130389 - Found PDSPUNC$.jcl (text/plain) in CBT.V504.FILE357.PDS, moved to PDS/PDSPUNC$
2023-04-02 23:43:09.131486 - Found PDSPUNCH.jcl (text/plain) in CBT.V504.FILE357.PDS, moved to PDS/PDSPUNCH
2023-04-02 23:43:09.132592 - Found PDS2SEQ.rexx (text/plain) in CBT.V504.FILE357.PDS, moved to PDS/PDS2SEQ
2023-04-02 23:43:09.133582 - Found PK.rexx (text/plain) in CBT.V504.FILE357.PDS, moved to PDS/PK
2023-04-02 23:43:09.134983 - Found PULL.jcl (text/plain) in CBT.V504.FILE357.PDS, moved to PDS/PULL
2023-04-02 23:43:09.136124 - Found PULL$.jcl (text/plain) in CBT.V504.FILE357.PDS, moved to PDS/PULL$
2023-04-02 23:43:09.137196 - Found PY.rexx (text/plain) in CBT.V504.FILE357.PDS, moved to PDS/PY
2023-04-02 23:43:09.138202 - Found QCLONE.rexx (text/plain) in CBT.V504.FILE357.PDS, moved to PDS/QCLONE
2023-04-02 23:43:09.139254 - Found QCLONER.rexx (text/plain) in CBT.V504.FILE357.PDS, moved to PDS/QCLONER
2023-04-02 23:43:09.140383 - Found RANCOLS.rexx (text/plain) in CBT.V504.FILE357.PDS, moved to PDS/RANCOLS
2023-04-02 23:43:09.141568 - Found RANCOLS0.rexx (text/plain) in CBT.V504.FILE357.PDS, moved to PDS/RANCOLS0
2023-04-02 23:43:09.142595 - Found REALUNIQ.rexx (text/plain) in CBT.V504.FILE357.PDS, moved to PDS/REALUNIQ
2023-04-02 23:43:09.143738 - Found REALUNIX.rexx (text/plain) in CBT.V504.FILE357.PDS, moved to PDS/REALUNIX
2023-04-02 23:43:09.144786 - Found REGS.txt (text/plain) in CBT.V504.FILE357.PDS, moved to PDS/REGS
2023-04-02 23:43:09.145894 - Found RENTER.txt (text/plain) in CBT.V504.FILE357.PDS, moved to PDS/RENTER
2023-04-02 23:43:09.146985 - Found REVERSEX.rexx (text/x-diff) in CBT.V504.FILE357.PDS, moved to PDS/REVERSEX
2023-04-02 23:43:09.147989 - Found REXIT.txt (text/plain) in CBT.V504.FILE357.PDS, moved to PDS/REXIT
2023-04-02 23:43:09.149090 - Found RJUST.rexx (text/plain) in CBT.V504.FILE357.PDS, moved to PDS/RJUST
2023-04-02 23:43:09.150179 - Found SAVEINPL.rexx (text/plain) in CBT.V504.FILE357.PDS, moved to PDS/SAVEINPL
2023-04-02 23:43:09.151194 - Found SCANPDS.jcl (text/plain) in CBT.V504.FILE357.PDS, moved to PDS/SCANPDS
2023-04-02 23:43:09.152235 - Found SCANPDSX.jcl (text/plain) in CBT.V504.FILE357.PDS, moved to PDS/SCANPDSX
2023-04-02 23:43:09.153356 - Found SETRC.jcl (text/plain) in CBT.V504.FILE357.PDS, moved to PDS/SETRC
2023-04-02 23:43:09.154395 - Found SETRC$.jcl (text/plain) in CBT.V504.FILE357.PDS, moved to PDS/SETRC$
2023-04-02 23:43:09.155601 - Found SHIFT.rexx (text/plain) in CBT.V504.FILE357.PDS, moved to PDS/SHIFT
2023-04-02 23:43:09.156607 - Found SHORTEST.rexx (text/plain) in CBT.V504.FILE357.PDS, moved to PDS/SHORTEST
2023-04-02 23:43:09.157571 - Found SHUFFLE.rexx (text/plain) in CBT.V504.FILE357.PDS, moved to PDS/SHUFFLE
2023-04-02 23:43:09.158529 - Found SLEEP.rexx (text/plain) in CBT.V504.FILE357.PDS, moved to PDS/SLEEP
2023-04-02 23:43:09.159728 - Found SMARTGN.jcl (text/plain) in CBT.V504.FILE357.PDS, moved to PDS/SMARTGN
2023-04-02 23:43:09.160848 - Found SMARTGN$.jcl (text/plain) in CBT.V504.FILE357.PDS, moved to PDS/SMARTGN$
2023-04-02 23:43:09.161872 - Found SNACK.rexx (text/plain) in CBT.V504.FILE357.PDS, moved to PDS/SNACK
2023-04-02 23:43:09.163011 - Found SORTNX.rexx (text/plain) in CBT.V504.FILE357.PDS, moved to PDS/SORTNX
2023-04-02 23:43:09.164057 - Found SORTX.txt (text/plain) in CBT.V504.FILE357.PDS, moved to PDS/SORTX
2023-04-02 23:43:09.165244 - Found SPLITAFT.rexx (text/plain) in CBT.V504.FILE357.PDS, moved to PDS/SPLITAFT
2023-04-02 23:43:09.166258 - Found SPLITAT.rexx (text/plain) in CBT.V504.FILE357.PDS, moved to PDS/SPLITAT
2023-04-02 23:43:09.167532 - Found SPLITON.rexx (text/plain) in CBT.V504.FILE357.PDS, moved to PDS/SPLITON
2023-04-02 23:43:09.168651 - Found SPLTCOLS.rexx (text/plain) in CBT.V504.FILE357.PDS, moved to PDS/SPLTCOLS
2023-04-02 23:43:09.169606 - Found SQUSH.rexx (text/plain) in CBT.V504.FILE357.PDS, moved to PDS/SQUSH
2023-04-02 23:43:09.170527 - Found STEMSRT1.rexx (text/plain) in CBT.V504.FILE357.PDS, moved to PDS/STEMSRT1
2023-04-02 23:43:09.171572 - Found STEMSRT2.rexx (text/plain) in CBT.V504.FILE357.PDS, moved to PDS/STEMSRT2
2023-04-02 23:43:09.172539 - Found STEMSRT3.rexx (text/plain) in CBT.V504.FILE357.PDS, moved to PDS/STEMSRT3
2023-04-02 23:43:09.173523 - Found STOWR.jcl (text/plain) in CBT.V504.FILE357.PDS, moved to PDS/STOWR
2023-04-02 23:43:09.174471 - Found STOWU.jcl (text/plain) in CBT.V504.FILE357.PDS, moved to PDS/STOWU
2023-04-02 23:43:09.175831 - Found STRING.txt (text/plain) in CBT.V504.FILE357.PDS, moved to PDS/STRING
2023-04-02 23:43:09.176954 - Found STRING$.jcl (text/plain) in CBT.V504.FILE357.PDS, moved to PDS/STRING$
2023-04-02 23:43:09.178056 - Found STRING#.txt (text/plain) in CBT.V504.FILE357.PDS, moved to PDS/STRING#
2023-04-02 23:43:09.179105 - Found STRSRCH.txt (text/plain) in CBT.V504.FILE357.PDS, moved to PDS/STRSRCH
2023-04-02 23:43:09.180307 - Found STRSRCH#.txt (text/plain) in CBT.V504.FILE357.PDS, moved to PDS/STRSRCH#
2023-04-02 23:43:09.181462 - Found STRUCT.rexx (text/plain) in CBT.V504.FILE357.PDS, moved to PDS/STRUCT
2023-04-02 23:43:09.182475 - Found SUBCAN.rexx (text/plain) in CBT.V504.FILE357.PDS, moved to PDS/SUBCAN
2023-04-02 23:43:09.183554 - Found SUBO.rexx (text/plain) in CBT.V504.FILE357.PDS, moved to PDS/SUBO
2023-04-02 23:43:09.184570 - Found SUBX.rexx (text/plain) in CBT.V504.FILE357.PDS, moved to PDS/SUBX
2023-04-02 23:43:09.185508 - Found SUFFLINE.rexx (text/plain) in CBT.V504.FILE357.PDS, moved to PDS/SUFFLINE
2023-04-02 23:43:09.186416 - Found SUMCOLS.rexx (text/plain) in CBT.V504.FILE357.PDS, moved to PDS/SUMCOLS
2023-04-02 23:43:09.187831 - Found SYSI.rexx (text/plain) in CBT.V504.FILE357.PDS, moved to PDS/SYSI
2023-04-02 23:43:09.188860 - Found TD.rexx (text/plain) in CBT.V504.FILE357.PDS, moved to PDS/TD
2023-04-02 23:43:09.189836 - Found TERSE$.jcl (text/plain) in CBT.V504.FILE357.PDS, moved to PDS/TERSE$
2023-04-02 23:43:09.190831 - Found TODAY.rexx (text/plain) in CBT.V504.FILE357.PDS, moved to PDS/TODAY
2023-04-02 23:43:09.192008 - Found TOUCH.jcl (text/plain) in CBT.V504.FILE357.PDS, moved to PDS/TOUCH
2023-04-02 23:43:09.193307 - Found TOUCH$.jcl (text/plain) in CBT.V504.FILE357.PDS, moved to PDS/TOUCH$
2023-04-02 23:43:09.194426 - Found TRAP.rexx (text/plain) in CBT.V504.FILE357.PDS, moved to PDS/TRAP
2023-04-02 23:43:09.195609 - Found TSJ.rexx (text/plain) in CBT.V504.FILE357.PDS, moved to PDS/TSJ
2023-04-02 23:43:09.196666 - Found TU.rexx (text/plain) in CBT.V504.FILE357.PDS, moved to PDS/TU
2023-04-02 23:43:09.197759 - Found T1.txt (text/plain) in CBT.V504.FILE357.PDS, moved to PDS/T1
2023-04-02 23:43:09.198804 - Found T2.txt (text/plain) in CBT.V504.FILE357.PDS, moved to PDS/T2
2023-04-02 23:43:09.199776 - Found UNIQUE.rexx (text/plain) in CBT.V504.FILE357.PDS, moved to PDS/UNIQUE
2023-04-02 23:43:09.200707 - Found UNIQUEX.rexx (text/plain) in CBT.V504.FILE357.PDS, moved to PDS/UNIQUEX
2023-04-02 23:43:09.201713 - Found UNPACKDS.rexx (text/plain) in CBT.V504.FILE357.PDS, moved to PDS/UNPACKDS
2023-04-02 23:43:09.202539 - Found UNPK.rexx (text/plain) in CBT.V504.FILE357.PDS, moved to PDS/UNPK
2023-04-02 23:43:09.203541 - Found UNTOUCH.jcl (text/plain) in CBT.V504.FILE357.PDS, moved to PDS/UNTOUCH
2023-04-02 23:43:09.204708 - Found UNTOUCH$.jcl (text/plain) in CBT.V504.FILE357.PDS, moved to PDS/UNTOUCH$
2023-04-02 23:43:09.205886 - Found VALUES.jcl (text/plain) in CBT.V504.FILE357.PDS, moved to PDS/VALUES
2023-04-02 23:43:09.206946 - Found VALUES$.jcl (text/plain) in CBT.V504.FILE357.PDS, moved to PDS/VALUES$
2023-04-02 23:43:09.208007 - Found VERASE.rexx (text/plain) in CBT.V504.FILE357.PDS, moved to PDS/VERASE
2023-04-02 23:43:09.209119 - Found VSAVE.rexx (text/plain) in CBT.V504.FILE357.PDS, moved to PDS/VSAVE
2023-04-02 23:43:09.210168 - Found VW.rexx (text/plain) in CBT.V504.FILE357.PDS, moved to PDS/VW
2023-04-02 23:43:09.211247 - Found VWV.rexx (text/plain) in CBT.V504.FILE357.PDS, moved to PDS/VWV
2023-04-02 23:43:09.212400 - Found WAIT.jcl (text/plain) in CBT.V504.FILE357.PDS, moved to PDS/WAIT
2023-04-02 23:43:09.213470 - Found WAIT$.jcl (text/plain) in CBT.V504.FILE357.PDS, moved to PDS/WAIT$
2023-04-02 23:43:09.214735 - Found XALLMEM.rexx (text/plain) in CBT.V504.FILE357.PDS, moved to PDS/XALLMEM
2023-04-02 23:43:09.215792 - Found XCOPY.rexx (text/plain) in CBT.V504.FILE357.PDS, moved to PDS/XCOPY
2023-04-02 23:43:09.216783 - Found XINDENT.rexx (text/plain) in CBT.V504.FILE357.PDS, moved to PDS/XINDENT
2023-04-02 23:43:09.217691 - Found ZVW.rexx (text/plain) in CBT.V504.FILE357.PDS, moved to PDS/ZVW
